#
# A fatal error has been detected by the Java Runtime Environment:
#
#  Internal Error (javaClasses.cpp:126), pid=6420, tid=6356
#  fatal error: Invalid layout of preloaded class
#
# JRE version:  (8.0_25-b18) (build )
# Java VM: Java HotSpot(TM) Client VM (25.25-b02 mixed mode windows-x86 )
# Failed to write core dump. Minidumps are not enabled by default on client versions of Windows
#
# If you would like to submit a bug report, please visit:
#   http://bugreport.sun.com/bugreport/crash.jsp
#

---------------  T H R E A D  ---------------

Current thread (0x022bc800):  JavaThread "Unknown thread" [_thread_in_vm, id=6356, stack(0x02700000,0x02750000)]

Stack: [0x02700000,0x02750000],  sp=0x0274f358,  free space=316k
Native frames: (J=compiled Java code, j=interpreted, Vv=VM code, C=native code)
V  [jvm.dll+0x19796b]
V  [jvm.dll+0x1908e6]
V  [jvm.dll+0x3b4e9]
V  [jvm.dll+0x3b69e]
V  [jvm.dll+0x4a063]
V  [jvm.dll+0x9dc8e]
V  [jvm.dll+0x9df52]
V  [jvm.dll+0x145a01]
V  [jvm.dll+0x169ab8]
V  [jvm.dll+0xdaea1]
C  [javaw.exe+0x13e4]
C  [javaw.exe+0x1eb7]
C  [javaw.exe+0xaba1]
C  [javaw.exe+0xac2b]
C  [kernel32.dll+0x1336a]
C  [ntdll.dll+0x392b2]
C  [ntdll.dll+0x39285]
C  0x00000000


---------------  P R O C E S S  ---------------

Java Threads: ( => current thread )

Other Threads:

=>0x022bc800 (exited) JavaThread "Unknown thread" [_thread_in_vm, id=6356, stack(0x02700000,0x02750000)]

VM state:not at safepoint (not fully initialized)

VM Mutex/Monitor currently owned by a thread: None

GC Heap History (0 events):
No events

Deoptimization events (0 events):
No events

Internal exceptions (0 events):
No events

Events (10 events):
Event: 0.220 loading class java/lang/CharSequence done
Event: 0.220 loading class java/lang/String done
Event: 0.220 loading class java/lang/Class
Event: 0.220 loading class java/lang/reflect/AnnotatedElement
Event: 0.220 loading class java/lang/reflect/AnnotatedElement done
Event: 0.220 loading class java/lang/reflect/GenericDeclaration
Event: 0.220 loading class java/lang/reflect/GenericDeclaration done
Event: 0.220 loading class java/lang/reflect/Type
Event: 0.221 loading class java/lang/reflect/Type done
Event: 0.221 loading class java/lang/Class done


Dynamic libraries:
0x00370000 - 0x003a0000 	E:\Program Files (x86)\Java\jdk1.8.0_25\bin\javaw.exe
0x76fd0000 - 0x77150000 	C:\Windows\SysWOW64\ntdll.dll
0x76370000 - 0x76480000 	C:\Windows\syswow64\kernel32.dll
0x75bc0000 - 0x75c07000 	C:\Windows\syswow64\KERNELBASE.dll
0x75f70000 - 0x76010000 	C:\Windows\syswow64\ADVAPI32.dll
0x762c0000 - 0x7636c000 	C:\Windows\syswow64\msvcrt.dll
0x75c10000 - 0x75c29000 	C:\Windows\SysWOW64\sechost.dll
0x768f0000 - 0x769e0000 	C:\Windows\syswow64\RPCRT4.dll
0x74af0000 - 0x74b50000 	C:\Windows\syswow64\SspiCli.dll
0x74ae0000 - 0x74aec000 	C:\Windows\syswow64\CRYPTBASE.dll
0x76480000 - 0x76580000 	C:\Windows\syswow64\USER32.dll
0x760b0000 - 0x76140000 	C:\Windows\syswow64\GDI32.dll
0x760a0000 - 0x760aa000 	C:\Windows\syswow64\LPK.dll
0x769e0000 - 0x76a7d000 	C:\Windows\syswow64\USP10.dll
0x72150000 - 0x722ee000 	C:\Windows\WinSxS\x86_microsoft.windows.common-controls_6595b64144ccf1df_6.0.7601.18807_none_41e554362bd82458\COMCTL32.dll
0x75c30000 - 0x75c87000 	C:\Windows\syswow64\SHLWAPI.dll
0x76ac0000 - 0x76b20000 	C:\Windows\system32\IMM32.DLL
0x75a30000 - 0x75afc000 	C:\Windows\syswow64\MSCTF.dll
0x71880000 - 0x718aa000 	C:\Windows\SysWOW64\nvinit.dll
0x0f000000 - 0x0f006000 	C:\Program Files (x86)\NVIDIA Corporation\CoProcManager\_etoured.dll
0x715b0000 - 0x71603000 	C:\Program Files (x86)\NVIDIA Corporation\CoProcManager\nvd3d9wrap.dll
0x75dd0000 - 0x75f6d000 	C:\Windows\syswow64\SETUPAPI.dll
0x75a00000 - 0x75a27000 	C:\Windows\syswow64\CFGMGR32.dll
0x76140000 - 0x761cf000 	C:\Windows\syswow64\OLEAUT32.dll
0x757a0000 - 0x758fc000 	C:\Windows\syswow64\ole32.dll
0x75ba0000 - 0x75bb2000 	C:\Windows\syswow64\DEVOBJ.dll
0x712e0000 - 0x7131b000 	C:\Program Files (x86)\NVIDIA Corporation\CoProcManager\nvdxgiwrap.dll
0x66290000 - 0x6634f000 	E:\Program Files (x86)\Java\jdk1.8.0_25\bin\msvcr100.dll
0x6dd30000 - 0x6e0d4000 	E:\Program Files (x86)\Java\jdk1.8.0_25\bin\client\jvm.dll
0x71ce0000 - 0x71ce7000 	C:\Windows\system32\WSOCK32.dll
0x75b60000 - 0x75b95000 	C:\Windows\syswow64\WS2_32.dll
0x76fa0000 - 0x76fa6000 	C:\Windows\syswow64\NSI.dll
0x724d0000 - 0x72502000 	C:\Windows\system32\WINMM.dll
0x76260000 - 0x76265000 	C:\Windows\syswow64\PSAPI.DLL
0x748d0000 - 0x748dc000 	E:\Program Files (x86)\Java\jdk1.8.0_25\bin\verify.dll
0x748a0000 - 0x748c1000 	E:\Program Files (x86)\Java\jdk1.8.0_25\bin\java.dll
0x74880000 - 0x74893000 	E:\Program Files (x86)\Java\jdk1.8.0_25\bin\zip.dll
0x71320000 - 0x7140b000 	C:\Windows\system32\dbghelp.dll

VM Arguments:
jvm_args: -Dfile.encoding=UTF-8 -Xbootclasspath:E:\soft\ADTBundle\android-sdk_r24.2\platforms\android-22\android.jar 
java_command: com.xinbo.utils.RegexValidateUtil
java_class_path (initial): E:\workspace\adt24.2\lib_yuchen0525\libs\lib_uil.jar;E:\workspace\adt24.2\lib_yuchen0525\libs\BmobSDK_V3.3.8_0521.jar;E:\workspace\adt24.2\lib_yuchen0525\libs\jpush-sdk-release1.7.3.jar;E:\workspace\adt24.2\lib_yuchen0525\libs\open_sdk.jar;E:\workspace\adt24.2\lib_yuchen0525\libs\ActiveAndroid-3.1.jar;E:\workspace\adt24.2\lib_yuchen0525\libs\Bmob_Push_V0.6beta_20150408.jar;E:\workspace\adt24.2\lib_yuchen0525\libs\android-support-v4.jar;E:\workspace\adt24.2\lib_yuchen0525\libs\lib_volley_new.jar;E:\workspace\adt24.2\lib_yuchen0525\libs\gson-2.2.4.jar;E:\workspace\adt24.2\lib_yuchen0525\libs\pinyin4j-2.5.0.jar;E:\workspace\adt24.2\lib_yuchen0525\libs\filechoose.jar;E:\workspace\adt24.2\lib_yuchen0525\libs\lib_nineold_new.jar;E:\workspace\adt24.2\lib_yuchen0525\libs\SMSSDK-1.1.5.jar;E:\workspace\adt24.2\lib_yuchen0525\libs\mta-sdk-1.0.0.jar;E:\workspace\adt24.2\lib_yuchen0525\libs\weibosdkcore.jar;E:\workspace\adt24.2\lib_ptr\bin\lib_ptr.jar;E:\workspace\adt24.2\lib_yuchen0525\bin\classes
Launcher Type: SUN_STANDARD

Environment Variables:
PATH=E:/Program Files (x86)/Java/jdk1.8.0_25/bin/client;E:/Program Files (x86)/Java/jdk1.8.0_25/bin;E:/Program Files (x86)/Java/jdk1.8.0_25/lib/i386;C:\ProgramData\Oracle\Java\javapath;C:\Program Files (x86)\NVIDIA Corporation\PhysX\Common;C:\Windows\system32;C:\Windows;C:\Windows\System32\Wbem;C:\Windows\System32\WindowsPowerShell\v1.0\;C:\Program Files (x86)\Intel\OpenCL SDK\2.0\bin\x86;C:\Program Files (x86)\Intel\OpenCL SDK\2.0\bin\x64;E:\Program Files (x86)\MySQL\MySQL Server 5.1\bin;E:\Program Files (x86)\Java\jdk1.8.0_25\bin;E:\Program Files (x86)\Java\jdk1.6.0_35\bin;E:\soft\adt-bundle-windows-x86-20130917\sdk\platform-tools;E:\soft\ADTBundle\android-sdk_r24.2\platform-tools;E:\soft\adt-bundle-windows-x86-20130917\sdk\platform-tools;;E:\soft\ADTBundle\eclipse-24.2;
USERNAME=gui
OS=Windows_NT
PROCESSOR_IDENTIFIER=Intel64 Family 6 Model 42 Stepping 7, GenuineIntel



---------------  S Y S T E M  ---------------

OS: Windows 7 , 64 bit Build 7601 Service Pack 1

CPU:total 4 (2 cores per cpu, 2 threads per core) family 6 model 42 stepping 7, cmov, cx8, fxsr, mmx, sse, sse2, sse3, ssse3, sse4.1, sse4.2, popcnt, avx, aes, clmul, ht, tsc, tscinvbit

Memory: 4k page, physical 6098112k(1917592k free), swap 12194372k(7599988k free)

vm_info: Java HotSpot(TM) Client VM (25.25-b02) for windows-x86 JRE (1.8.0_25-b18), built on Oct  7 2014 14:31:05 by "java_re" with MS VC++ 10.0 (VS2010)

time: Mon May 25 23:47:39 2015
elapsed time: 0 seconds (0d 0h 0m 0s)

